<?xml version="1.0" encoding="UTF-8"?>
<!-- Generated by org.testng.reporters.JUnitReportReporter -->
<testsuite hostname="DESKTOP-ODAVFI2" failures="0" tests="1" name="com.swaglab.TestCase.BaseClass" time="18.635" errors="0" timestamp="2024-07-01T19:32:17 IST" skipped="0">
  <testcase classname="com.swaglab.TestCase.BaseClass" name="m1" time="18.635"/>
</testsuite> <!-- com.swaglab.TestCase.BaseClass -->
