<?xml version="1.0" encoding="UTF-8"?>
<!-- Generated by org.testng.reporters.JUnitReportReporter -->
<testsuite hostname="DESKTOP-ODAVFI2" failures="0" tests="1" name="com.swaglab.TestCase.LogInTestCase" time="13.963" errors="0" timestamp="2024-07-08T16:55:51 IST" skipped="0">
  <testcase classname="com.swaglab.TestCase.LogInTestCase" name="standerUserLoginEndtoEndProcess" time="13.963"/>
</testsuite> <!-- com.swaglab.TestCase.LogInTestCase -->
